<?xml version="1.0" encoding="UTF-8"?>
<testsuite name="com.example.turtlewowcompanion.core.GuideSeedDataTest" tests="1" skipped="0" failures="0" errors="0" timestamp="2026-03-04T12:47:22.797Z" hostname="runnervmnay03" time="0.041">
  <properties/>
  <testcase name="all categories provide non-empty localized seed entries()" classname="com.example.turtlewowcompanion.core.GuideSeedDataTest" time="0.041"/>
  <system-out><![CDATA[]]></system-out>
  <system-err><![CDATA[]]></system-err>
</testsuite>
